# JRE version: OpenJDK Runtime Environment (8.0_242) (build 1.8.0_242-release-1644-b3-6222593)
# Java VM: OpenJDK 64-Bit Server VM (25.242-b3-6222593 mixed mode linux-amd64 compressed oops)
Heap:
 PSYoungGen      total 255488K, used 14845K [0x00000000d5580000, 0x00000000e5d80000, 0x0000000100000000)
  eden space 240640K, 0% used [0x00000000d5580000,0x00000000d5580000,0x00000000e4080000)
  from space 14848K, 99% used [0x00000000e4080000,0x00000000e4eff570,0x00000000e4f00000)
  to   space 10752K, 0% used [0x00000000e5300000,0x00000000e5300000,0x00000000e5d80000)
 ParOldGen       total 104960K, used 32433K [0x0000000080000000, 0x0000000086680000, 0x00000000d5580000)
  object space 104960K, 30% used [0x0000000080000000,0x0000000081fac6d0,0x0000000086680000)
 Metaspace       used 54801K, capacity 56732K, committed 57008K, reserved 1097728K
  class space    used 7280K, capacity 7763K, committed 7856K, reserved 1048576K
GC Heap History (10 events):
Event: 1,401 GC heap after
Heap after GC invocations=4 (full 0):
 PSYoungGen      total 139264K, used 7200K [0x00000000d5580000, 0x00000000de780000, 0x0000000100000000)
  eden space 129024K, 0% used [0x00000000d5580000,0x00000000d5580000,0x00000000dd380000)
  from space 10240K, 70% used [0x00000000ddd80000,0x00000000de488040,0x00000000de780000)
  to   space 10240K, 0% used [0x00000000dd380000,0x00000000dd380000,0x00000000ddd80000)
 ParOldGen       total 171008K, used 1770K [0x0000000080000000, 0x000000008a700000, 0x00000000d5580000)
  object space 171008K, 1% used [0x0000000080000000,0x00000000801baae8,0x000000008a700000)
 Metaspace       used 20575K, capacity 21226K, committed 21296K, reserved 1067008K
  class space    used 2890K, capacity 3083K, committed 3120K, reserved 1048576K
}
Event: 1,401 GC heap before
{Heap before GC invocations=5 (full 1):
 PSYoungGen      total 139264K, used 7200K [0x00000000d5580000, 0x00000000de780000, 0x0000000100000000)
  eden space 129024K, 0% used [0x00000000d5580000,0x00000000d5580000,0x00000000dd380000)
  from space 10240K, 70% used [0x00000000ddd80000,0x00000000de488040,0x00000000de780000)
  to   space 10240K, 0% used [0x00000000dd380000,0x00000000dd380000,0x00000000ddd80000)
 ParOldGen       total 171008K, used 1770K [0x0000000080000000, 0x000000008a700000, 0x00000000d5580000)
  object space 171008K, 1% used [0x0000000080000000,0x00000000801baae8,0x000000008a700000)
 Metaspace       used 20575K, capacity 21226K, committed 21296K, reserved 1067008K
  class space    used 2890K, capacity 3083K, committed 3120K, reserved 1048576K
Event: 1,419 GC heap after
Heap after GC invocations=5 (full 1):
 PSYoungGen      total 139264K, used 0K [0x00000000d5580000, 0x00000000de780000, 0x0000000100000000)
  eden space 129024K, 0% used [0x00000000d5580000,0x00000000d5580000,0x00000000dd380000)
  from space 10240K, 0% used [0x00000000ddd80000,0x00000000ddd80000,0x00000000de780000)
  to   space 10240K, 0% used [0x00000000dd380000,0x00000000dd380000,0x00000000ddd80000)
 ParOldGen       total 79360K, used 7011K [0x0000000080000000, 0x0000000084d80000, 0x00000000d5580000)
  object space 79360K, 8% used [0x0000000080000000,0x00000000806d8fa8,0x0000000084d80000)
 Metaspace       used 20575K, capacity 21226K, committed 21296K, reserved 1067008K
  class space    used 2890K, capacity 3083K, committed 3120K, reserved 1048576K
}
Event: 2,142 GC heap before
{Heap before GC invocations=6 (full 1):
 PSYoungGen      total 139264K, used 129024K [0x00000000d5580000, 0x00000000de780000, 0x0000000100000000)
  eden space 129024K, 100% used [0x00000000d5580000,0x00000000dd380000,0x00000000dd380000)
  from space 10240K, 0% used [0x00000000ddd80000,0x00000000ddd80000,0x00000000de780000)
  to   space 10240K, 0% used [0x00000000dd380000,0x00000000dd380000,0x00000000ddd80000)
 ParOldGen       total 79360K, used 7011K [0x0000000080000000, 0x0000000084d80000, 0x00000000d5580000)
  object space 79360K, 8% used [0x0000000080000000,0x00000000806d8fa8,0x0000000084d80000)
 Metaspace       used 31785K, capacity 32604K, committed 32816K, reserved 1077248K
  class space    used 4342K, capacity 4609K, committed 4656K, reserved 1048576K
Event: 2,153 GC heap after
Heap after GC invocations=6 (full 1):
 PSYoungGen      total 139264K, used 10217K [0x00000000d5580000, 0x00000000e6280000, 0x0000000100000000)
  eden space 129024K, 0% used [0x00000000d5580000,0x00000000d5580000,0x00000000dd380000)
  from space 10240K, 99% used [0x00000000dd380000,0x00000000ddd7a750,0x00000000ddd80000)
  to   space 15872K, 0% used [0x00000000e5300000,0x00000000e5300000,0x00000000e6280000)
 ParOldGen       total 79360K, used 10196K [0x0000000080000000, 0x0000000084d80000, 0x00000000d5580000)
  object space 79360K, 12% used [0x0000000080000000,0x00000000809f5358,0x0000000084d80000)
 Metaspace       used 31785K, capacity 32604K, committed 32816K, reserved 1077248K
  class space    used 4342K, capacity 4609K, committed 4656K, reserved 1048576K
}
Event: 2,383 GC heap before
{Heap before GC invocations=7 (full 1):
 PSYoungGen      total 139264K, used 66431K [0x00000000d5580000, 0x00000000e6280000, 0x0000000100000000)
  eden space 129024K, 43% used [0x00000000d5580000,0x00000000d8c65528,0x00000000dd380000)
  from space 10240K, 99% used [0x00000000dd380000,0x00000000ddd7a750,0x00000000ddd80000)
  to   space 15872K, 0% used [0x00000000e5300000,0x00000000e5300000,0x00000000e6280000)
 ParOldGen       total 79360K, used 10196K [0x0000000080000000, 0x0000000084d80000, 0x00000000d5580000)
  object space 79360K, 12% used [0x0000000080000000,0x00000000809f5358,0x0000000084d80000)
 Metaspace       used 34481K, capacity 35418K, committed 35496K, reserved 1079296K
  class space    used 4744K, capacity 5012K, committed 5040K, reserved 1048576K
Event: 2,389 GC heap after
Heap after GC invocations=7 (full 1):
 PSYoungGen      total 251392K, used 9965K [0x00000000d5580000, 0x00000000e5d80000, 0x0000000100000000)
  eden space 240640K, 0% used [0x00000000d5580000,0x00000000d5580000,0x00000000e4080000)
  from space 10752K, 92% used [0x00000000e5300000,0x00000000e5cbb668,0x00000000e5d80000)
  to   space 14848K, 0% used [0x00000000e4080000,0x00000000e4080000,0x00000000e4f00000)
 ParOldGen       total 79360K, used 10204K [0x0000000080000000, 0x0000000084d80000, 0x00000000d5580000)
  object space 79360K, 12% used [0x0000000080000000,0x00000000809f7358,0x0000000084d80000)
 Metaspace       used 34481K, capacity 35418K, committed 35496K, reserved 1079296K
  class space    used 4744K, capacity 5012K, committed 5040K, reserved 1048576K
}
Event: 2,389 GC heap before
{Heap before GC invocations=8 (full 2):
 PSYoungGen      total 251392K, used 9965K [0x00000000d5580000, 0x00000000e5d80000, 0x0000000100000000)
  eden space 240640K, 0% used [0x00000000d5580000,0x00000000d5580000,0x00000000e4080000)
  from space 10752K, 92% used [0x00000000e5300000,0x00000000e5cbb668,0x00000000e5d80000)
  to   space 14848K, 0% used [0x00000000e4080000,0x00000000e4080000,0x00000000e4f00000)
 ParOldGen       total 79360K, used 10204K [0x0000000080000000, 0x0000000084d80000, 0x00000000d5580000)
  object space 79360K, 12% used [0x0000000080000000,0x00000000809f7358,0x0000000084d80000)
 Metaspace       used 34481K, capacity 35418K, committed 35496K, reserved 1079296K
  class space    used 4744K, capacity 5012K, committed 5040K, reserved 1048576K
Event: 2,419 GC heap after
Heap after GC invocations=8 (full 2):
 PSYoungGen      total 251392K, used 0K [0x00000000d5580000, 0x00000000e5d80000, 0x0000000100000000)
  eden space 240640K, 0% used [0x00000000d5580000,0x00000000d5580000,0x00000000e4080000)
  from space 10752K, 0% used [0x00000000e5300000,0x00000000e5300000,0x00000000e5d80000)
  to   space 14848K, 0% used [0x00000000e4080000,0x00000000e4080000,0x00000000e4f00000)
 ParOldGen       total 104960K, used 16516K [0x0000000080000000, 0x0000000086680000, 0x00000000d5580000)
  object space 104960K, 15% used [0x0000000080000000,0x00000000810211b8,0x0000000086680000)
 Metaspace       used 34481K, capacity 35418K, committed 35496K, reserved 1079296K
  class space    used 4744K, capacity 5012K, committed 5040K, reserved 1048576K
}
Event: 4,887 GC heap before
{Heap before GC invocations=9 (full 2):
 PSYoungGen      total 251392K, used 240640K [0x00000000d5580000, 0x00000000e5d80000, 0x0000000100000000)
  eden space 240640K, 100% used [0x00000000d5580000,0x00000000e4080000,0x00000000e4080000)
  from space 10752K, 0% used [0x00000000e5300000,0x00000000e5300000,0x00000000e5d80000)
  to   space 14848K, 0% used [0x00000000e4080000,0x00000000e4080000,0x00000000e4f00000)
 ParOldGen       total 104960K, used 16516K [0x0000000080000000, 0x0000000086680000, 0x00000000d5580000)
  object space 104960K, 15% used [0x0000000080000000,0x00000000810211b8,0x0000000086680000)
 Metaspace       used 54801K, capacity 56732K, committed 57008K, reserved 1097728K
  class space    used 7280K, capacity 7763K, committed 7856K, reserved 1048576K

